# JRE version: Java(TM) SE Runtime Environment (7.0_40-b43) (build 1.7.0_40-b43)
# Java VM: Java HotSpot(TM) 64-Bit Server VM (24.0-b56 mixed mode windows-amd64 compressed oops)
Heap
 PSYoungGen      total 72704K, used 72681K [0x00000000eaa80000, 0x00000000f3880000, 0x0000000100000000)
  eden space 67584K, 100% used [0x00000000eaa80000,0x00000000eec80000,0x00000000eec80000)
  from space 5120K, 99% used [0x00000000eec80000,0x00000000ef17a490,0x00000000ef180000)
  to   space 5120K, 99% used [0x00000000f3380000,0x00000000f387e4a0,0x00000000f3880000)
 ParOldGen       total 87040K, used 8352K [0x00000000c0000000, 0x00000000c5500000, 0x00000000eaa80000)
  object space 87040K, 9% used [0x00000000c0000000,0x00000000c0828258,0x00000000c5500000)
 PSPermGen       total 21504K, used 18297K [0x00000000b0000000, 0x00000000b1500000, 0x00000000c0000000)
  object space 21504K, 85% used [0x00000000b0000000,0x00000000b11de4d0,0x00000000b1500000)
GC Heap History (7 events):
Event: 0.782 GC heap before
{Heap before GC invocations=1 (full 0):
 PSYoungGen      total 38912K, used 33792K [0x00000000eaa80000, 0x00000000ed580000, 0x0000000100000000)
  eden space 33792K, 100% used [0x00000000eaa80000,0x00000000ecb80000,0x00000000ecb80000)
  from space 5120K, 0% used [0x00000000ed080000,0x00000000ed080000,0x00000000ed580000)
  to   space 5120K, 0% used [0x00000000ecb80000,0x00000000ecb80000,0x00000000ed080000)
 ParOldGen       total 87040K, used 0K [0x00000000c0000000, 0x00000000c5500000, 0x00000000eaa80000)
  object space 87040K, 0% used [0x00000000c0000000,0x00000000c0000000,0x00000000c5500000)
 PSPermGen       total 21504K, used 8055K [0x00000000b0000000, 0x00000000b1500000, 0x00000000c0000000)
  object space 21504K, 37% used [0x00000000b0000000,0x00000000b07ddf30,0x00000000b1500000)
Event: 0.800 GC heap after
Heap after GC invocations=1 (full 0):
 PSYoungGen      total 38912K, used 5089K [0x00000000eaa80000, 0x00000000ef680000, 0x0000000100000000)
  eden space 33792K, 0% used [0x00000000eaa80000,0x00000000eaa80000,0x00000000ecb80000)
  from space 5120K, 99% used [0x00000000ecb80000,0x00000000ed078640,0x00000000ed080000)
  to   space 5120K, 0% used [0x00000000ef180000,0x00000000ef180000,0x00000000ef680000)
 ParOldGen       total 87040K, used 271K [0x00000000c0000000, 0x00000000c5500000, 0x00000000eaa80000)
  object space 87040K, 0% used [0x00000000c0000000,0x00000000c0043d30,0x00000000c5500000)
 PSPermGen       total 21504K, used 8055K [0x00000000b0000000, 0x00000000b1500000, 0x00000000c0000000)
  object space 21504K, 37% used [0x00000000b0000000,0x00000000b07ddf30,0x00000000b1500000)
}
Event: 1.512 GC heap before
{Heap before GC invocations=2 (full 0):
 PSYoungGen      total 38912K, used 38881K [0x00000000eaa80000, 0x00000000ef680000, 0x0000000100000000)
  eden space 33792K, 100% used [0x00000000eaa80000,0x00000000ecb80000,0x00000000ecb80000)
  from space 5120K, 99% used [0x00000000ecb80000,0x00000000ed078640,0x00000000ed080000)
  to   space 5120K, 0% used [0x00000000ef180000,0x00000000ef180000,0x00000000ef680000)
 ParOldGen       total 87040K, used 271K [0x00000000c0000000, 0x00000000c5500000, 0x00000000eaa80000)
  object space 87040K, 0% used [0x00000000c0000000,0x00000000c0043d30,0x00000000c5500000)
 PSPermGen       total 21504K, used 12598K [0x00000000b0000000, 0x00000000b1500000, 0x00000000c0000000)
  object space 21504K, 58% used [0x00000000b0000000,0x00000000b0c4d978,0x00000000b1500000)
Event: 1.529 GC heap after
Heap after GC invocations=2 (full 0):
 PSYoungGen      total 72704K, used 5107K [0x00000000eaa80000, 0x00000000ef680000, 0x0000000100000000)
  eden space 67584K, 0% used [0x00000000eaa80000,0x00000000eaa80000,0x00000000eec80000)
  from space 5120K, 99% used [0x00000000ef180000,0x00000000ef67ce90,0x00000000ef680000)
  to   space 5120K, 0% used [0x00000000eec80000,0x00000000eec80000,0x00000000ef180000)
 ParOldGen       total 87040K, used 2052K [0x00000000c0000000, 0x00000000c5500000, 0x00000000eaa80000)
  object space 87040K, 2% used [0x00000000c0000000,0x00000000c0201278,0x00000000c5500000)
 PSPermGen       total 21504K, used 12598K [0x00000000b0000000, 0x00000000b1500000, 0x00000000c0000000)
  object space 21504K, 58% used [0x00000000b0000000,0x00000000b0c4d978,0x00000000b1500000)
}
Event: 2.895 GC heap before
{Heap before GC invocations=3 (full 0):
 PSYoungGen      total 72704K, used 72691K [0x00000000eaa80000, 0x00000000ef680000, 0x0000000100000000)
  eden space 67584K, 100% used [0x00000000eaa80000,0x00000000eec80000,0x00000000eec80000)
  from space 5120K, 99% used [0x00000000ef180000,0x00000000ef67ce90,0x00000000ef680000)
  to   space 5120K, 0% used [0x00000000eec80000,0x00000000eec80000,0x00000000ef180000)
 ParOldGen       total 87040K, used 2052K [0x00000000c0000000, 0x00000000c5500000, 0x00000000eaa80000)
  object space 87040K, 2% used [0x00000000c0000000,0x00000000c0201278,0x00000000c5500000)
 PSPermGen       total 21504K, used 18286K [0x00000000b0000000, 0x00000000b1500000, 0x00000000c0000000)
  object space 21504K, 85% used [0x00000000b0000000,0x00000000b11db9d8,0x00000000b1500000)
Event: 2.907 GC heap after
Heap after GC invocations=3 (full 0):
 PSYoungGen      total 72704K, used 5097K [0x00000000eaa80000, 0x00000000f3880000, 0x0000000100000000)
  eden space 67584K, 0% used [0x00000000eaa80000,0x00000000eaa80000,0x00000000eec80000)
  from space 5120K, 99% used [0x00000000eec80000,0x00000000ef17a490,0x00000000ef180000)
  to   space 5120K, 0% used [0x00000000f3380000,0x00000000f3380000,0x00000000f3880000)
 ParOldGen       total 87040K, used 8096K [0x00000000c0000000, 0x00000000c5500000, 0x00000000eaa80000)
  object space 87040K, 9% used [0x00000000c0000000,0x00000000c07e8258,0x00000000c5500000)
 PSPermGen       total 21504K, used 18286K [0x00000000b0000000, 0x00000000b1500000, 0x00000000c0000000)
  object space 21504K, 85% used [0x00000000b0000000,0x00000000b11db9d8,0x00000000b1500000)
}
Event: 3.256 GC heap before
{Heap before GC invocations=4 (full 0):
 PSYoungGen      total 72704K, used 72681K [0x00000000eaa80000, 0x00000000f3880000, 0x0000000100000000)
  eden space 67584K, 100% used [0x00000000eaa80000,0x00000000eec80000,0x00000000eec80000)
  from space 5120K, 99% used [0x00000000eec80000,0x00000000ef17a490,0x00000000ef180000)
  to   space 5120K, 0% used [0x00000000f3380000,0x00000000f3380000,0x00000000f3880000)
 ParOldGen       total 87040K, used 8096K [0x00000000c0000000, 0x00000000c5500000, 0x00000000eaa80000)
  object space 87040K, 9% used [0x00000000c0000000,0x00000000c07e8258,0x00000000c5500000)
 PSPermGen       total 21504K, used 18297K [0x00000000b0000000, 0x00000000b1500000, 0x00000000c0000000)
  object space 21504K, 85% used [0x00000000b0000000,0x00000000b11de4d0,0x00000000b1500000)

